<?xml version="1.0" encoding="UTF-8"?>
<testsuite xmlns:xsi="http://www.w3.org/2001/XMLSchema-instance" xsi:noNamespaceSchemaLocation="https://maven.apache.org/surefire/maven-surefire-plugin/xsd/surefire-test-report-3.0.xsd" version="3.0" name="org.example.AppTest" time="0.027" tests="1" errors="0" skipped="0" failures="0">
  <properties>
    <property name="java.specification.version" value="17"/>
    <property name="sun.cpu.isalist" value="amd64"/>
    <property name="sun.jnu.encoding" value="Cp1252"/>
    <property name="java.class.path" value="G:\Producer---Consumer-Management-System-using-gRPC\gRPC\learning\client\target\test-classes;G:\Producer---Consumer-Management-System-using-gRPC\gRPC\learning\client\target\classes;C:\Users\User\.m2\repository\com\google\protobuf\protobuf-java\3.19.3\protobuf-java-3.19.3.jar;C:\Users\User\.m2\repository\io\grpc\grpc-all\1.44.0\grpc-all-1.44.0.jar;C:\Users\User\.m2\repository\io\grpc\grpc-api\1.44.0\grpc-api-1.44.0.jar;C:\Users\User\.m2\repository\com\google\code\findbugs\jsr305\3.0.2\jsr305-3.0.2.jar;C:\Users\User\.m2\repository\io\grpc\grpc-auth\1.44.0\grpc-auth-1.44.0.jar;C:\Users\User\.m2\repository\com\google\auth\google-auth-library-credentials\0.22.2\google-auth-library-credentials-0.22.2.jar;C:\Users\User\.m2\repository\io\grpc\grpc-context\1.44.0\grpc-context-1.44.0.jar;C:\Users\User\.m2\repository\io\grpc\grpc-core\1.44.0\grpc-core-1.44.0.jar;C:\Users\User\.m2\repository\com\google\code\gson\gson\2.8.9\gson-2.8.9.jar;C:\Users\User\.m2\repository\com\google\android\annotations\4.1.1.4\annotations-4.1.1.4.jar;C:\Users\User\.m2\repository\org\codehaus\mojo\animal-sniffer-annotations\1.19\animal-sniffer-annotations-1.19.jar;C:\Users\User\.m2\repository\io\grpc\grpc-grpclb\1.44.0\grpc-grpclb-1.44.0.jar;C:\Users\User\.m2\repository\com\google\protobuf\protobuf-java-util\3.19.2\protobuf-java-util-3.19.2.jar;C:\Users\User\.m2\repository\io\grpc\grpc-netty\1.44.0\grpc-netty-1.44.0.jar;C:\Users\User\.m2\repository\io\netty\netty-codec-http2\4.1.72.Final\netty-codec-http2-4.1.72.Final.jar;C:\Users\User\.m2\repository\io\netty\netty-common\4.1.72.Final\netty-common-4.1.72.Final.jar;C:\Users\User\.m2\repository\io\netty\netty-buffer\4.1.72.Final\netty-buffer-4.1.72.Final.jar;C:\Users\User\.m2\repository\io\netty\netty-transport\4.1.72.Final\netty-transport-4.1.72.Final.jar;C:\Users\User\.m2\repository\io\netty\netty-resolver\4.1.72.Final\netty-resolver-4.1.72.Final.jar;C:\Users\User\.m2\repository\io\netty\netty-codec\4.1.72.Final\netty-codec-4.1.72.Final.jar;C:\Users\User\.m2\repository\io\netty\netty-handler\4.1.72.Final\netty-handler-4.1.72.Final.jar;C:\Users\User\.m2\repository\io\netty\netty-tcnative-classes\2.0.46.Final\netty-tcnative-classes-2.0.46.Final.jar;C:\Users\User\.m2\repository\io\netty\netty-codec-http\4.1.72.Final\netty-codec-http-4.1.72.Final.jar;C:\Users\User\.m2\repository\io\netty\netty-handler-proxy\4.1.72.Final\netty-handler-proxy-4.1.72.Final.jar;C:\Users\User\.m2\repository\io\netty\netty-codec-socks\4.1.72.Final\netty-codec-socks-4.1.72.Final.jar;C:\Users\User\.m2\repository\io\grpc\grpc-okhttp\1.44.0\grpc-okhttp-1.44.0.jar;C:\Users\User\.m2\repository\com\squareup\okhttp\okhttp\2.7.4\okhttp-2.7.4.jar;C:\Users\User\.m2\repository\com\squareup\okio\okio\1.17.5\okio-1.17.5.jar;C:\Users\User\.m2\repository\io\grpc\grpc-protobuf\1.44.0\grpc-protobuf-1.44.0.jar;C:\Users\User\.m2\repository\com\google\api\grpc\proto-google-common-protos\2.0.1\proto-google-common-protos-2.0.1.jar;C:\Users\User\.m2\repository\io\grpc\grpc-protobuf-lite\1.44.0\grpc-protobuf-lite-1.44.0.jar;C:\Users\User\.m2\repository\io\grpc\grpc-rls\1.44.0\grpc-rls-1.44.0.jar;C:\Users\User\.m2\repository\com\google\auto\value\auto-value-annotations\1.7.4\auto-value-annotations-1.7.4.jar;C:\Users\User\.m2\repository\io\grpc\grpc-services\1.44.0\grpc-services-1.44.0.jar;C:\Users\User\.m2\repository\io\grpc\grpc-testing\1.44.0\grpc-testing-1.44.0.jar;C:\Users\User\.m2\repository\junit\junit\4.12\junit-4.12.jar;C:\Users\User\.m2\repository\org\hamcrest\hamcrest-core\1.3\hamcrest-core-1.3.jar;C:\Users\User\.m2\repository\io\opencensus\opencensus-api\0.28.0\opencensus-api-0.28.0.jar;C:\Users\User\.m2\repository\io\grpc\grpc-xds\1.44.0\grpc-xds-1.44.0.jar;C:\Users\User\.m2\repository\io\grpc\grpc-alts\1.44.0\grpc-alts-1.44.0.jar;C:\Users\User\.m2\repository\org\conscrypt\conscrypt-openjdk-uber\2.5.1\conscrypt-openjdk-uber-2.5.1.jar;C:\Users\User\.m2\repository\com\google\auth\google-auth-library-oauth2-http\0.22.2\google-auth-library-oauth2-http-0.22.2.jar;C:\Users\User\.m2\repository\com\google\http-client\google-http-client\1.38.0\google-http-client-1.38.0.jar;C:\Users\User\.m2\repository\org\apache\httpcomponents\httpclient\4.5.13\httpclient-4.5.13.jar;C:\Users\User\.m2\repository\commons-logging\commons-logging\1.2\commons-logging-1.2.jar;C:\Users\User\.m2\repository\commons-codec\commons-codec\1.11\commons-codec-1.11.jar;C:\Users\User\.m2\repository\org\apache\httpcomponents\httpcore\4.4.13\httpcore-4.4.13.jar;C:\Users\User\.m2\repository\io\opencensus\opencensus-contrib-http-util\0.24.0\opencensus-contrib-http-util-0.24.0.jar;C:\Users\User\.m2\repository\com\google\http-client\google-http-client-jackson2\1.38.0\google-http-client-jackson2-1.38.0.jar;C:\Users\User\.m2\repository\com\fasterxml\jackson\core\jackson-core\2.11.3\jackson-core-2.11.3.jar;C:\Users\User\.m2\repository\com\google\re2j\re2j\1.5\re2j-1.5.jar;C:\Users\User\.m2\repository\org\bouncycastle\bcpkix-jdk15on\1.67\bcpkix-jdk15on-1.67.jar;C:\Users\User\.m2\repository\org\bouncycastle\bcprov-jdk15on\1.67\bcprov-jdk15on-1.67.jar;C:\Users\User\.m2\repository\io\opencensus\opencensus-proto\0.2.0\opencensus-proto-0.2.0.jar;C:\Users\User\.m2\repository\io\grpc\grpc-stub\1.44.0\grpc-stub-1.44.0.jar;C:\Users\User\.m2\repository\com\google\guava\guava\30.1.1-android\guava-30.1.1-android.jar;C:\Users\User\.m2\repository\com\google\guava\failureaccess\1.0.1\failureaccess-1.0.1.jar;C:\Users\User\.m2\repository\com\google\guava\listenablefuture\9999.0-empty-to-avoid-conflict-with-guava\listenablefuture-9999.0-empty-to-avoid-conflict-with-guava.jar;C:\Users\User\.m2\repository\org\checkerframework\checker-compat-qual\2.5.5\checker-compat-qual-2.5.5.jar;C:\Users\User\.m2\repository\com\google\j2objc\j2objc-annotations\1.3\j2objc-annotations-1.3.jar;C:\Users\User\.m2\repository\com\google\errorprone\error_prone_annotations\2.9.0\error_prone_annotations-2.9.0.jar;C:\Users\User\.m2\repository\io\grpc\grpc-netty-shaded\1.44.0\grpc-netty-shaded-1.44.0.jar;C:\Users\User\.m2\repository\io\perfmark\perfmark-api\0.23.0\perfmark-api-0.23.0.jar;C:\Users\User\.m2\repository\javax\annotation\javax.annotation-api\1.3.2\javax.annotation-api-1.3.2.jar;"/>
    <property name="java.vm.vendor" value="Oracle Corporation"/>
    <property name="sun.arch.data.model" value="64"/>
    <property name="user.variant" value=""/>
    <property name="java.vendor.url" value="https://java.oracle.com/"/>
    <property name="user.timezone" value="Asia/Dhaka"/>
    <property name="os.name" value="Windows 11"/>
    <property name="java.vm.specification.version" value="17"/>
    <property name="sun.java.launcher" value="SUN_STANDARD"/>
    <property name="user.country" value="US"/>
    <property name="sun.boot.library.path" value="C:\Users\User\.jdks\openjdk-17.0.2\bin"/>
    <property name="sun.java.command" value="C:\Users\User\AppData\Local\Temp\surefire13830853139155623068\surefirebooter-20231021141845392_3.jar C:\Users\User\AppData\Local\Temp\surefire13830853139155623068 2023-10-21T14-18-43_586-jvmRun1 surefire-20231021141845392_1tmp surefire_0-20231021141845392_2tmp"/>
    <property name="jdk.debug" value="release"/>
    <property name="surefire.test.class.path" value="G:\Producer---Consumer-Management-System-using-gRPC\gRPC\learning\client\target\test-classes;G:\Producer---Consumer-Management-System-using-gRPC\gRPC\learning\client\target\classes;C:\Users\User\.m2\repository\com\google\protobuf\protobuf-java\3.19.3\protobuf-java-3.19.3.jar;C:\Users\User\.m2\repository\io\grpc\grpc-all\1.44.0\grpc-all-1.44.0.jar;C:\Users\User\.m2\repository\io\grpc\grpc-api\1.44.0\grpc-api-1.44.0.jar;C:\Users\User\.m2\repository\com\google\code\findbugs\jsr305\3.0.2\jsr305-3.0.2.jar;C:\Users\User\.m2\repository\io\grpc\grpc-auth\1.44.0\grpc-auth-1.44.0.jar;C:\Users\User\.m2\repository\com\google\auth\google-auth-library-credentials\0.22.2\google-auth-library-credentials-0.22.2.jar;C:\Users\User\.m2\repository\io\grpc\grpc-context\1.44.0\grpc-context-1.44.0.jar;C:\Users\User\.m2\repository\io\grpc\grpc-core\1.44.0\grpc-core-1.44.0.jar;C:\Users\User\.m2\repository\com\google\code\gson\gson\2.8.9\gson-2.8.9.jar;C:\Users\User\.m2\repository\com\google\android\annotations\4.1.1.4\annotations-4.1.1.4.jar;C:\Users\User\.m2\repository\org\codehaus\mojo\animal-sniffer-annotations\1.19\animal-sniffer-annotations-1.19.jar;C:\Users\User\.m2\repository\io\grpc\grpc-grpclb\1.44.0\grpc-grpclb-1.44.0.jar;C:\Users\User\.m2\repository\com\google\protobuf\protobuf-java-util\3.19.2\protobuf-java-util-3.19.2.jar;C:\Users\User\.m2\repository\io\grpc\grpc-netty\1.44.0\grpc-netty-1.44.0.jar;C:\Users\User\.m2\repository\io\netty\netty-codec-http2\4.1.72.Final\netty-codec-http2-4.1.72.Final.jar;C:\Users\User\.m2\repository\io\netty\netty-common\4.1.72.Final\netty-common-4.1.72.Final.jar;C:\Users\User\.m2\repository\io\netty\netty-buffer\4.1.72.Final\netty-buffer-4.1.72.Final.jar;C:\Users\User\.m2\repository\io\netty\netty-transport\4.1.72.Final\netty-transport-4.1.72.Final.jar;C:\Users\User\.m2\repository\io\netty\netty-resolver\4.1.72.Final\netty-resolver-4.1.72.Final.jar;C:\Users\User\.m2\repository\io\netty\netty-codec\4.1.72.Final\netty-codec-4.1.72.Final.jar;C:\Users\User\.m2\repository\io\netty\netty-handler\4.1.72.Final\netty-handler-4.1.72.Final.jar;C:\Users\User\.m2\repository\io\netty\netty-tcnative-classes\2.0.46.Final\netty-tcnative-classes-2.0.46.Final.jar;C:\Users\User\.m2\repository\io\netty\netty-codec-http\4.1.72.Final\netty-codec-http-4.1.72.Final.jar;C:\Users\User\.m2\repository\io\netty\netty-handler-proxy\4.1.72.Final\netty-handler-proxy-4.1.72.Final.jar;C:\Users\User\.m2\repository\io\netty\netty-codec-socks\4.1.72.Final\netty-codec-socks-4.1.72.Final.jar;C:\Users\User\.m2\repository\io\grpc\grpc-okhttp\1.44.0\grpc-okhttp-1.44.0.jar;C:\Users\User\.m2\repository\com\squareup\okhttp\okhttp\2.7.4\okhttp-2.7.4.jar;C:\Users\User\.m2\repository\com\squareup\okio\okio\1.17.5\okio-1.17.5.jar;C:\Users\User\.m2\repository\io\grpc\grpc-protobuf\1.44.0\grpc-protobuf-1.44.0.jar;C:\Users\User\.m2\repository\com\google\api\grpc\proto-google-common-protos\2.0.1\proto-google-common-protos-2.0.1.jar;C:\Users\User\.m2\repository\io\grpc\grpc-protobuf-lite\1.44.0\grpc-protobuf-lite-1.44.0.jar;C:\Users\User\.m2\repository\io\grpc\grpc-rls\1.44.0\grpc-rls-1.44.0.jar;C:\Users\User\.m2\repository\com\google\auto\value\auto-value-annotations\1.7.4\auto-value-annotations-1.7.4.jar;C:\Users\User\.m2\repository\io\grpc\grpc-services\1.44.0\grpc-services-1.44.0.jar;C:\Users\User\.m2\repository\io\grpc\grpc-testing\1.44.0\grpc-testing-1.44.0.jar;C:\Users\User\.m2\repository\junit\junit\4.12\junit-4.12.jar;C:\Users\User\.m2\repository\org\hamcrest\hamcrest-core\1.3\hamcrest-core-1.3.jar;C:\Users\User\.m2\repository\io\opencensus\opencensus-api\0.28.0\opencensus-api-0.28.0.jar;C:\Users\User\.m2\repository\io\grpc\grpc-xds\1.44.0\grpc-xds-1.44.0.jar;C:\Users\User\.m2\repository\io\grpc\grpc-alts\1.44.0\grpc-alts-1.44.0.jar;C:\Users\User\.m2\repository\org\conscrypt\conscrypt-openjdk-uber\2.5.1\conscrypt-openjdk-uber-2.5.1.jar;C:\Users\User\.m2\repository\com\google\auth\google-auth-library-oauth2-http\0.22.2\google-auth-library-oauth2-http-0.22.2.jar;C:\Users\User\.m2\repository\com\google\http-client\google-http-client\1.38.0\google-http-client-1.38.0.jar;C:\Users\User\.m2\repository\org\apache\httpcomponents\httpclient\4.5.13\httpclient-4.5.13.jar;C:\Users\User\.m2\repository\commons-logging\commons-logging\1.2\commons-logging-1.2.jar;C:\Users\User\.m2\repository\commons-codec\commons-codec\1.11\commons-codec-1.11.jar;C:\Users\User\.m2\repository\org\apache\httpcomponents\httpcore\4.4.13\httpcore-4.4.13.jar;C:\Users\User\.m2\repository\io\opencensus\opencensus-contrib-http-util\0.24.0\opencensus-contrib-http-util-0.24.0.jar;C:\Users\User\.m2\repository\com\google\http-client\google-http-client-jackson2\1.38.0\google-http-client-jackson2-1.38.0.jar;C:\Users\User\.m2\repository\com\fasterxml\jackson\core\jackson-core\2.11.3\jackson-core-2.11.3.jar;C:\Users\User\.m2\repository\com\google\re2j\re2j\1.5\re2j-1.5.jar;C:\Users\User\.m2\repository\org\bouncycastle\bcpkix-jdk15on\1.67\bcpkix-jdk15on-1.67.jar;C:\Users\User\.m2\repository\org\bouncycastle\bcprov-jdk15on\1.67\bcprov-jdk15on-1.67.jar;C:\Users\User\.m2\repository\io\opencensus\opencensus-proto\0.2.0\opencensus-proto-0.2.0.jar;C:\Users\User\.m2\repository\io\grpc\grpc-stub\1.44.0\grpc-stub-1.44.0.jar;C:\Users\User\.m2\repository\com\google\guava\guava\30.1.1-android\guava-30.1.1-android.jar;C:\Users\User\.m2\repository\com\google\guava\failureaccess\1.0.1\failureaccess-1.0.1.jar;C:\Users\User\.m2\repository\com\google\guava\listenablefuture\9999.0-empty-to-avoid-conflict-with-guava\listenablefuture-9999.0-empty-to-avoid-conflict-with-guava.jar;C:\Users\User\.m2\repository\org\checkerframework\checker-compat-qual\2.5.5\checker-compat-qual-2.5.5.jar;C:\Users\User\.m2\repository\com\google\j2objc\j2objc-annotations\1.3\j2objc-annotations-1.3.jar;C:\Users\User\.m2\repository\com\google\errorprone\error_prone_annotations\2.9.0\error_prone_annotations-2.9.0.jar;C:\Users\User\.m2\repository\io\grpc\grpc-netty-shaded\1.44.0\grpc-netty-shaded-1.44.0.jar;C:\Users\User\.m2\repository\io\perfmark\perfmark-api\0.23.0\perfmark-api-0.23.0.jar;C:\Users\User\.m2\repository\javax\annotation\javax.annotation-api\1.3.2\javax.annotation-api-1.3.2.jar;"/>
    <property name="sun.cpu.endian" value="little"/>
    <property name="user.home" value="C:\Users\User"/>
    <property name="user.language" value="en"/>
    <property name="java.specification.vendor" value="Oracle Corporation"/>
    <property name="java.version.date" value="2022-01-18"/>
    <property name="java.home" value="C:\Users\User\.jdks\openjdk-17.0.2"/>
    <property name="file.separator" value="\"/>
    <property name="basedir" value="G:\Producer---Consumer-Management-System-using-gRPC\gRPC\learning\client"/>
    <property name="java.vm.compressedOopsMode" value="32-bit"/>
    <property name="line.separator" value="&#10;"/>
    <property name="java.vm.specification.vendor" value="Oracle Corporation"/>
    <property name="java.specification.name" value="Java Platform API Specification"/>
    <property name="surefire.real.class.path" value="C:\Users\User\AppData\Local\Temp\surefire13830853139155623068\surefirebooter-20231021141845392_3.jar"/>
    <property name="user.script" value=""/>
    <property name="sun.management.compiler" value="HotSpot 64-Bit Tiered Compilers"/>
    <property name="java.runtime.version" value="17.0.2+8-86"/>
    <property name="user.name" value="User"/>
    <property name="path.separator" value=";"/>
    <property name="os.version" value="10.0"/>
    <property name="java.runtime.name" value="OpenJDK Runtime Environment"/>
    <property name="file.encoding" value="Cp1252"/>
    <property name="java.vm.name" value="OpenJDK 64-Bit Server VM"/>
    <property name="localRepository" value="C:\Users\User\.m2\repository"/>
    <property name="java.vendor.url.bug" value="https://bugreport.java.com/bugreport/"/>
    <property name="java.io.tmpdir" value="C:\Users\User\AppData\Local\Temp\"/>
    <property name="idea.version" value="2023.2.3"/>
    <property name="java.version" value="17.0.2"/>
    <property name="user.dir" value="G:\Producer---Consumer-Management-System-using-gRPC\gRPC\learning\client"/>
    <property name="os.arch" value="amd64"/>
    <property name="java.vm.specification.name" value="Java Virtual Machine Specification"/>
    <property name="sun.os.patch.level" value=""/>
    <property name="native.encoding" value="Cp1252"/>
    <property name="java.library.path" value="C:\Users\User\.jdks\openjdk-17.0.2\bin;C:\WINDOWS\Sun\Java\bin;C:\WINDOWS\system32;C:\WINDOWS;C:\Program Files\Common Files\Oracle\Java\javapath;C:\Windows\system32;C:\Windows;C:\Windows\System32\Wbem;C:\Windows\System32\WindowsPowerShell\v1.0\;C:\Windows\System32\OpenSSH\;C:\Program Files (x86)\NVIDIA Corporation\PhysX\Common;C:\Program Files\NVIDIA Corporation\NVIDIA NvDLISR;C:\WINDOWS\system32;C:\WINDOWS;C:\WINDOWS\System32\Wbem;C:\WINDOWS\System32\WindowsPowerShell\v1.0\;C:\WINDOWS\System32\OpenSSH\;C:\Program Files\Microsoft SQL Server\110\Tools\Binn\;C:\MinGW\bin;D:\Apps\Git\cmd;C:\Program Files\nodejs\;C:\Program Files\Go\bin;C:\Program Files\Cloudflare\Cloudflare WARP\;C:\Program Files\PowerShell\7\;D:\Extra\protoc-24.4-win64\bin;C:\Users\User\AppData\Local\Microsoft\WindowsApps;C:\Apps\Microsoft VS Code\bin;C:\Apps\IntelliJ IDEA Community Edition 2021.2.3\bin;;C:\Users\User\AppData\Local\GitHubDesktop\bin;C:\Users\User\AppData\Roaming\npm;C:\Users\User\go\bin;."/>
    <property name="java.vm.info" value="mixed mode, sharing"/>
    <property name="java.vendor" value="Oracle Corporation"/>
    <property name="java.vm.version" value="17.0.2+8-86"/>
    <property name="sun.io.unicode.encoding" value="UnicodeLittle"/>
    <property name="java.class.version" value="61.0"/>
  </properties>
  <testcase name="testApp" classname="org.example.AppTest" time="0.001"/>
</testsuite>